<?xml version="1.0" encoding="UTF-8" ?>
<testsuite failures="0" time="0.154" errors="0" skipped="0" tests="12" name="uk.org.lidalia.sysoutslf4j.common.TestExceptionUtils">
  <properties>
    <property name="java.runtime.name" value="Java(TM) SE Runtime Environment"/>
    <property name="sun.boot.library.path" value="/System/Library/Frameworks/JavaVM.framework/Versions/1.6.0/Libraries"/>
    <property name="java.vm.version" value="16.3-b01-279"/>
    <property name="awt.nativeDoubleBuffering" value="true"/>
    <property name="gopherProxySet" value="false"/>
    <property name="mrj.build" value="10M3065"/>
    <property name="java.vm.vendor" value="Apple Inc."/>
    <property name="java.vendor.url" value="http://www.apple.com/"/>
    <property name="path.separator" value=":"/>
    <property name="java.vm.name" value="Java HotSpot(TM) 64-Bit Server VM"/>
    <property name="file.encoding.pkg" value="sun.io"/>
    <property name="user.country" value="GB"/>
    <property name="sun.java.launcher" value="SUN_STANDARD"/>
    <property name="sun.os.patch.level" value="unknown"/>
    <property name="java.vm.specification.name" value="Java Virtual Machine Specification"/>
    <property name="user.dir" value="/Users/Robert/Workspaces/Test/sysout-over-slf4j"/>
    <property name="java.runtime.version" value="1.6.0_20-b02-279-10M3065"/>
    <property name="java.awt.graphicsenv" value="apple.awt.CGraphicsEnvironment"/>
    <property name="basedir" value="/Users/Robert/Workspaces/Test/sysout-over-slf4j"/>
    <property name="java.endorsed.dirs" value="/System/Library/Frameworks/JavaVM.framework/Versions/1.6.0/Home/lib/endorsed"/>
    <property name="os.arch" value="x86_64"/>
    <property name="surefire.real.class.path" value="/var/folders/yh/yhLWpzgVFMynri6iv6mNok+++TI/-Tmp-/surefirebooter4618100847353953176.jar"/>
    <property name="java.io.tmpdir" value="/var/folders/yh/yhLWpzgVFMynri6iv6mNok+++TI/-Tmp-/"/>
    <property name="line.separator" value="
"/>
    <property name="java.vm.specification.vendor" value="Sun Microsystems Inc."/>
    <property name="os.name" value="Mac OS X"/>
    <property name="sun.jnu.encoding" value="MacRoman"/>
    <property name="java.library.path" value=".:/Library/Java/Extensions:/System/Library/Java/Extensions:/usr/lib/java"/>
    <property name="surefire.test.class.path" value="/Users/Robert/Workspaces/Test/sysout-over-slf4j/target/test-classes:/Users/Robert/Workspaces/Test/sysout-over-slf4j/target/classes:/Users/Robert/.m2/repository/org/slf4j/slf4j-api/1.6.0/slf4j-api-1.6.0.jar:/Users/Robert/.m2/repository/javax/servlet/servlet-api/2.5/servlet-api-2.5.jar:/Users/Robert/.m2/repository/ch/qos/logback/logback-core/0.9.24/logback-core-0.9.24.jar:/Users/Robert/.m2/repository/ch/qos/logback/logback-classic/0.9.24/logback-classic-0.9.24.jar:/Users/Robert/.m2/repository/junit/junit/4.8.1/junit-4.8.1.jar:/Users/Robert/.m2/repository/log4j/log4j/1.2.13/log4j-1.2.13.jar:/Users/Robert/.m2/repository/org/easymock/easymock/3.0/easymock-3.0.jar:/Users/Robert/.m2/repository/cglib/cglib-nodep/2.2/cglib-nodep-2.2.jar:/Users/Robert/.m2/repository/org/objenesis/objenesis/1.2/objenesis-1.2.jar:/Users/Robert/.m2/repository/org/powermock/modules/powermock-module-junit4/1.4/powermock-module-junit4-1.4.jar:/Users/Robert/.m2/repository/org/powermock/modules/powermock-module-junit4-common/1.4/powermock-module-junit4-common-1.4.jar:/Users/Robert/.m2/repository/org/powermock/powermock-core/1.4/powermock-core-1.4.jar:/Users/Robert/.m2/repository/org/powermock/reflect/powermock-reflect/1.4/powermock-reflect-1.4.jar:/Users/Robert/.m2/repository/javassist/javassist/3.13.0.GA/javassist-3.13.0.GA.jar:/Users/Robert/.m2/repository/org/powermock/api/powermock-api-easymock/1.4/powermock-api-easymock-1.4.jar:/Users/Robert/.m2/repository/org/powermock/api/powermock-api-support/1.4/powermock-api-support-1.4.jar:/Users/Robert/.m2/repository/commons-io/commons-io/1.4/commons-io-1.4.jar:/Users/Robert/.m2/repository/commons-lang/commons-lang/2.4/commons-lang-2.4.jar:"/>
    <property name="java.specification.name" value="Java Platform API Specification"/>
    <property name="java.class.version" value="50.0"/>
    <property name="sun.management.compiler" value="HotSpot 64-Bit Server Compiler"/>
    <property name="os.version" value="10.6.4"/>
    <property name="http.nonProxyHosts" value="local|*.local|169.254/16|*.169.254/16"/>
    <property name="user.home" value="/Users/Robert"/>
    <property name="user.timezone" value="Europe/London"/>
    <property name="java.awt.printerjob" value="apple.awt.CPrinterJob"/>
    <property name="java.specification.version" value="1.6"/>
    <property name="file.encoding" value="MacRoman"/>
    <property name="user.name" value="Robert"/>
    <property name="java.class.path" value="/Users/Robert/Workspaces/Test/sysout-over-slf4j/target/test-classes:/Users/Robert/Workspaces/Test/sysout-over-slf4j/target/classes:/Users/Robert/.m2/repository/org/slf4j/slf4j-api/1.6.0/slf4j-api-1.6.0.jar:/Users/Robert/.m2/repository/javax/servlet/servlet-api/2.5/servlet-api-2.5.jar:/Users/Robert/.m2/repository/ch/qos/logback/logback-core/0.9.24/logback-core-0.9.24.jar:/Users/Robert/.m2/repository/ch/qos/logback/logback-classic/0.9.24/logback-classic-0.9.24.jar:/Users/Robert/.m2/repository/junit/junit/4.8.1/junit-4.8.1.jar:/Users/Robert/.m2/repository/log4j/log4j/1.2.13/log4j-1.2.13.jar:/Users/Robert/.m2/repository/org/easymock/easymock/3.0/easymock-3.0.jar:/Users/Robert/.m2/repository/cglib/cglib-nodep/2.2/cglib-nodep-2.2.jar:/Users/Robert/.m2/repository/org/objenesis/objenesis/1.2/objenesis-1.2.jar:/Users/Robert/.m2/repository/org/powermock/modules/powermock-module-junit4/1.4/powermock-module-junit4-1.4.jar:/Users/Robert/.m2/repository/org/powermock/modules/powermock-module-junit4-common/1.4/powermock-module-junit4-common-1.4.jar:/Users/Robert/.m2/repository/org/powermock/powermock-core/1.4/powermock-core-1.4.jar:/Users/Robert/.m2/repository/org/powermock/reflect/powermock-reflect/1.4/powermock-reflect-1.4.jar:/Users/Robert/.m2/repository/javassist/javassist/3.13.0.GA/javassist-3.13.0.GA.jar:/Users/Robert/.m2/repository/org/powermock/api/powermock-api-easymock/1.4/powermock-api-easymock-1.4.jar:/Users/Robert/.m2/repository/org/powermock/api/powermock-api-support/1.4/powermock-api-support-1.4.jar:/Users/Robert/.m2/repository/commons-io/commons-io/1.4/commons-io-1.4.jar:/Users/Robert/.m2/repository/commons-lang/commons-lang/2.4/commons-lang-2.4.jar:"/>
    <property name="java.vm.specification.version" value="1.0"/>
    <property name="sun.arch.data.model" value="64"/>
    <property name="java.home" value="/System/Library/Frameworks/JavaVM.framework/Versions/1.6.0/Home"/>
    <property name="java.specification.vendor" value="Sun Microsystems Inc."/>
    <property name="user.language" value="en"/>
    <property name="awt.toolkit" value="apple.awt.CToolkit"/>
    <property name="java.vm.info" value="mixed mode"/>
    <property name="java.version" value="1.6.0_20"/>
    <property name="java.ext.dirs" value="/Library/Java/Extensions:/System/Library/Java/Extensions:/System/Library/Frameworks/JavaVM.framework/Versions/1.6.0/Home/lib/ext"/>
    <property name="sun.boot.class.path" value="/System/Library/Frameworks/JavaVM.framework/Versions/1.6.0/Classes/jsfd.jar:/System/Library/Frameworks/JavaVM.framework/Versions/1.6.0/Classes/classes.jar:/System/Library/Frameworks/JavaVM.framework/Frameworks/JavaRuntimeSupport.framework/Resources/Java/JavaRuntimeSupport.jar:/System/Library/Frameworks/JavaVM.framework/Versions/1.6.0/Classes/ui.jar:/System/Library/Frameworks/JavaVM.framework/Versions/1.6.0/Classes/laf.jar:/System/Library/Frameworks/JavaVM.framework/Versions/1.6.0/Classes/sunrsasign.jar:/System/Library/Frameworks/JavaVM.framework/Versions/1.6.0/Classes/jsse.jar:/System/Library/Frameworks/JavaVM.framework/Versions/1.6.0/Classes/jce.jar:/System/Library/Frameworks/JavaVM.framework/Versions/1.6.0/Classes/charsets.jar"/>
    <property name="java.vendor" value="Apple Inc."/>
    <property name="localRepository" value="/Users/Robert/.m2/repository"/>
    <property name="file.separator" value="/"/>
    <property name="java.vendor.url.bug" value="http://bugreport.apple.com/"/>
    <property name="sun.cpu.endian" value="little"/>
    <property name="sun.io.unicode.encoding" value="UnicodeLittle"/>
    <property name="mrj.version" value="1060.1.6.0_20-279"/>
    <property name="socksNonProxyHosts" value="local|*.local|169.254/16|*.169.254/16"/>
    <property name="ftp.nonProxyHosts" value="local|*.local|169.254/16|*.169.254/16"/>
    <property name="sun.cpu.isalist" value=""/>
  </properties>
  <testcase time="0.016" classname="uk.org.lidalia.sysoutslf4j.common.TestExceptionUtils" name="asRuntimeExceptionThrowsIllegalArgumentExceptionWhenNullPassedIn"/>
  <testcase time="0.002" classname="uk.org.lidalia.sysoutslf4j.common.TestExceptionUtils" name="asRuntimeExceptionThrowsPassedInError"/>
  <testcase time="0.001" classname="uk.org.lidalia.sysoutslf4j.common.TestExceptionUtils" name="asRuntimeExceptionReturnsPassedInRuntimeException"/>
  <testcase time="0.002" classname="uk.org.lidalia.sysoutslf4j.common.TestExceptionUtils" name="asRuntimeExceptionReturnsPassedInCheckedExceptionAsCauseOfWrappedCheckedException"/>
  <testcase time="0.002" classname="uk.org.lidalia.sysoutslf4j.common.TestExceptionUtils" name="asRuntimeExceptionThrowsIllegalArgumentExceptionWhenInterruptedExceptionPassedIn"/>
  <testcase time="0.002" classname="uk.org.lidalia.sysoutslf4j.common.TestExceptionUtils" name="asRuntimeExceptionThrowsIllegalArgumentExceptionWhenInterruptedIOExceptionPassedIn"/>
  <testcase time="0.002" classname="uk.org.lidalia.sysoutslf4j.common.TestExceptionUtils" name="asRuntimeExceptionThrowsPassedInInvocationTargetExceptionsCauseIfError"/>
  <testcase time="0.002" classname="uk.org.lidalia.sysoutslf4j.common.TestExceptionUtils" name="asRuntimeExceptionReturnsPassedInInvocationTargetExceptionsCauseIfRuntimeException"/>
  <testcase time="0.002" classname="uk.org.lidalia.sysoutslf4j.common.TestExceptionUtils" name="asRuntimeExceptionReturnsPassedInInvocationTargetExceptionsCauseAsCauseOfWrappedCheckedExceptionIfCheckedException"/>
  <testcase time="0.002" classname="uk.org.lidalia.sysoutslf4j.common.TestExceptionUtils" name="notInstantiable"/>
  <testcase time="0.002" classname="uk.org.lidalia.sysoutslf4j.common.TestExceptionUtils" name="doUncheckedReturnsResultOfWork"/>
  <testcase time="0.059" classname="uk.org.lidalia.sysoutslf4j.common.TestExceptionUtils" name="doUncheckedThrowsCheckedExceptionAsRuntimeException"/>
</testsuite>